2025-11-21 02:32:52.101 [info] Native locator: Refresh started
2025-11-21 02:32:52.290 [info] Native locator: Refresh started
2025-11-21 02:32:52.347 [info] Native locator: Refresh finished in 243 ms
2025-11-21 02:32:52.366 [info] Python interpreter path: /bin/python
2025-11-21 02:32:55.461 [info] Starting Pylance language server.
2025-11-21 02:35:50.125 [info] Native locator: Refresh started
2025-11-21 02:35:50.191 [info] Native locator: Refresh started
2025-11-21 02:35:50.214 [info] > pyenv which python
2025-11-21 02:35:50.214 [info] cwd: .
2025-11-21 02:35:50.239 [info] Native locator: Refresh finished in 199 ms
2025-11-21 02:35:50.261 [info] Python interpreter path: /bin/python
2025-11-21 02:35:52.024 [info] Starting Pylance language server.
2025-11-21 02:36:22.749 [info] Discover tests for workspace name: Downloads - uri: /home/dev/Downloads/hola.py
2025-11-21 02:36:30.626 [info] Discover tests for workspace name: undefined - uri: /home/dev/.config/Code/User/settings.json
2025-11-21 02:36:36.804 [info] Discover tests for workspace name: undefined - uri: /home/dev/.config/Code/User/settings.json
2025-11-21 02:36:41.510 [info] Discover tests for workspace name: undefined - uri: /home/dev/.config/Code/User/settings.json
2025-11-21 02:36:46.571 [info] Discover tests for workspace name: undefined - uri: /home/dev/.config/Code/User/settings.json
2025-11-21 02:38:15.565 [info] Discover tests for workspace name: undefined - uri: /home/dev/.config/Code/User/settings.json
2025-11-21 02:40:08.865 [info] Discover tests for workspace name: undefined - uri: /home/dev/.config/Code/User/settings.json
2025-11-21 02:40:24.804 [info] Discover tests for workspace name: undefined - uri: /home/dev/.config/Code/User/settings.json
2025-11-21 02:40:30.338 [info] Discover tests for workspace name: undefined - uri: /home/dev/.config/Code/User/settings.json
2025-11-21 02:42:07.310 [info] Discover tests for workspace name: undefined - uri: /home/dev/.config/Code/User/settings.json
