2025-11-21 02:32:52.158 [info] Starting Python Locator /home/dev/.vscode/extensions/ms-python.python-2025.18.0-linux-x64/python-env-tools/bin/pet server
2025-11-21 02:32:52.224 [info] Discovered env: /bin/python
2025-11-21 02:32:52.227 [info] Discovered env: /usr/bin/python
2025-11-21 02:32:52.229 [info] Env ("/sbin/python") in Path resolved as ResolvedPythonEnv { executable: "/sbin/python", prefix: "/usr", version: "3.13.7.final.0", is64_bit: true, symlinks: Some(["/sbin/python"]) } and reported as Some(GlobalPaths)
2025-11-21 02:32:52.230 [info] Discovered env: /sbin/python
2025-11-21 02:32:52.231 [info] Env ("/usr/sbin/python") in Path resolved as ResolvedPythonEnv { executable: "/usr/sbin/python", prefix: "/usr", version: "3.13.7.final.0", is64_bit: true, symlinks: Some(["/usr/sbin/python"]) } and reported as Some(GlobalPaths)
2025-11-21 02:32:52.231 [info] Discovered env: /usr/sbin/python
2025-11-21 02:32:52.304 [info] Env ("/sbin/python3") in Path resolved as ResolvedPythonEnv { executable: "/sbin/python3", prefix: "/usr", version: "3.13.7.final.0", is64_bit: true, symlinks: Some(["/sbin/python3"]) } and reported as Some(GlobalPaths)
2025-11-21 02:32:52.305 [info] Discovered env: /sbin/python3
2025-11-21 02:32:52.306 [info] Env ("/usr/sbin/python3") in Path resolved as ResolvedPythonEnv { executable: "/usr/sbin/python3", prefix: "/usr", version: "3.13.7.final.0", is64_bit: true, symlinks: Some(["/usr/sbin/python3"]) } and reported as Some(GlobalPaths)
2025-11-21 02:32:52.306 [info] Discovered env: /usr/sbin/python3
2025-11-21 02:32:52.330 [info] Env ("/usr/sbin/python3.13") in Path resolved as ResolvedPythonEnv { executable: "/usr/sbin/python3.13", prefix: "/usr", version: "3.13.7.final.0", is64_bit: true, symlinks: Some(["/usr/sbin/python3.13"]) } and reported as Some(GlobalPaths)
2025-11-21 02:32:52.330 [info] Discovered env: /usr/sbin/python3.13
2025-11-21 02:32:52.341 [info] Env ("/sbin/python3.13") in Path resolved as ResolvedPythonEnv { executable: "/sbin/python3.13", prefix: "/usr", version: "3.13.7.final.0", is64_bit: true, symlinks: Some(["/sbin/python3.13"]) } and reported as Some(GlobalPaths)
2025-11-21 02:32:52.341 [info] Discovered env: /sbin/python3.13
2025-11-21 02:32:52.342 [info] Locator Conda took 56.597031ms
2025-11-21 02:32:52.342 [info] Locator Homebrew took 362.32µs
2025-11-21 02:32:52.342 [info] Locator LinuxGlobal took 103.230375ms
2025-11-21 02:32:52.342 [info] Locator PipEnv took 69.341µs
2025-11-21 02:32:52.342 [info] Locator Pixi took 207.72µs
2025-11-21 02:32:52.342 [info] Locator Poetry took 207.51µs
2025-11-21 02:32:52.342 [info] Locator PyEnv took 240.171µs
2025-11-21 02:32:52.342 [info] Locator Venv took 25.017µs
2025-11-21 02:32:52.342 [info] Locator VirtualEnv took 420.149µs
2025-11-21 02:32:52.342 [info] Locator VirtualEnvWrapper took 27.872µs
2025-11-21 02:32:52.342 [info] Locator GlobalVirtualEnvs took 275.016µs
2025-11-21 02:32:52.342 [info] Locator Locators took 104.879301ms
2025-11-21 02:32:52.342 [info] Locator Path took 221.067506ms
2025-11-21 02:32:52.342 [info] Locator Workspaces took 991ns
2025-11-21 02:32:52.342 [info] Refresh completed in 221ms
2025-11-21 02:32:52.365 [info] Resolved Python Environment /bin/python
2025-11-21 02:35:50.125 [info] Starting Python Locator /home/dev/.vscode/extensions/ms-python.python-2025.18.0-linux-x64/python-env-tools/bin/pet server
2025-11-21 02:35:50.148 [info] Discovered env: /bin/python
2025-11-21 02:35:50.151 [info] Discovered env: /usr/bin/python
2025-11-21 02:35:50.152 [info] Env ("/sbin/python") in Path resolved as ResolvedPythonEnv { executable: "/sbin/python", prefix: "/usr", version: "3.13.7.final.0", is64_bit: true, symlinks: Some(["/sbin/python"]) } and reported as Some(GlobalPaths)
2025-11-21 02:35:50.152 [info] Discovered env: /sbin/python
2025-11-21 02:35:50.154 [info] Env ("/usr/sbin/python") in Path resolved as ResolvedPythonEnv { executable: "/usr/sbin/python", prefix: "/usr", version: "3.13.7.final.0", is64_bit: true, symlinks: Some(["/usr/sbin/python"]) } and reported as Some(GlobalPaths)
2025-11-21 02:35:50.155 [info] Discovered env: /usr/sbin/python
2025-11-21 02:35:50.157 [info] Env ("/sbin/python3") in Path resolved as ResolvedPythonEnv { executable: "/sbin/python3", prefix: "/usr", version: "3.13.7.final.0", is64_bit: true, symlinks: Some(["/sbin/python3"]) } and reported as Some(GlobalPaths)
2025-11-21 02:35:50.157 [info] Discovered env: /sbin/python3
2025-11-21 02:35:50.162 [info] Env ("/usr/sbin/python3") in Path resolved as ResolvedPythonEnv { executable: "/usr/sbin/python3", prefix: "/usr", version: "3.13.7.final.0", is64_bit: true, symlinks: Some(["/usr/sbin/python3"]) } and reported as Some(GlobalPaths)
2025-11-21 02:35:50.162 [info] Discovered env: /usr/sbin/python3
2025-11-21 02:35:50.166 [info] Env ("/sbin/python3.13") in Path resolved as ResolvedPythonEnv { executable: "/sbin/python3.13", prefix: "/usr", version: "3.13.7.final.0", is64_bit: true, symlinks: Some(["/sbin/python3.13"]) } and reported as Some(GlobalPaths)
2025-11-21 02:35:50.166 [info] Discovered env: /sbin/python3.13
2025-11-21 02:35:50.172 [info] Env ("/usr/sbin/python3.13") in Path resolved as ResolvedPythonEnv { executable: "/usr/sbin/python3.13", prefix: "/usr", version: "3.13.7.final.0", is64_bit: true, symlinks: Some(["/usr/sbin/python3.13"]) } and reported as Some(GlobalPaths)
2025-11-21 02:35:50.173 [info] Discovered env: /usr/sbin/python3.13
2025-11-21 02:35:50.173 [info] Locator Conda took 51.370015ms
2025-11-21 02:35:50.173 [info] Locator Homebrew took 195.256µs
2025-11-21 02:35:50.173 [info] Locator LinuxGlobal took 64.472001ms
2025-11-21 02:35:50.173 [info] Locator PipEnv took 79.499µs
2025-11-21 02:35:50.173 [info] Locator Pixi took 289.785µs
2025-11-21 02:35:50.173 [info] Locator Poetry took 538.892µs
2025-11-21 02:35:50.173 [info] Locator PyEnv took 542.329µs
2025-11-21 02:35:50.173 [info] Locator Venv took 21.761µs
2025-11-21 02:35:50.200 [info] Locator VirtualEnv took 25.969µs
2025-11-21 02:35:50.214 [info] Locator VirtualEnvWrapper took 30.667µs
2025-11-21 02:35:50.228 [info] Locator GlobalVirtualEnvs took 360.087µs
2025-11-21 02:35:50.233 [info] Locator Locators took 71.06884ms
2025-11-21 02:35:50.234 [info] Locator Path took 111.454015ms
2025-11-21 02:35:50.234 [info] Locator Workspaces took 2.888685ms
2025-11-21 02:35:50.234 [info] Refresh completed in 111ms
2025-11-21 02:35:50.261 [info] Resolved Python Environment /bin/python
2025-11-21 02:36:59.229 [info] Resolved Python Environment /bin/python
2025-11-21 02:39:48.646 [info] Resolved Python Environment /bin/python
2025-11-21 02:40:35.710 [info] Resolved Python Environment /bin/python
2025-11-21 02:41:33.673 [info] Resolved Python Environment /bin/python
