2025-11-21 02:32:31.164 [info] Getting Manifest... ms-python.python
2025-11-21 02:32:31.335 [info] Installing extension: ms-python.python {"isMachineScoped":false,"installPreReleaseVersion":false,"pinned":false,"profileLocation":{"$mid":1,"external":"vscode-userdata:/home/dev/.vscode/extensions/extensions.json","path":"/home/dev/.vscode/extensions/extensions.json","scheme":"vscode-userdata"},"isApplicationScoped":false,"productVersion":{"version":"1.106.2","date":"2025-11-19T16:56:50.023Z"}}
2025-11-21 02:32:33.618 [info] Getting Manifest... ms-python.vscode-pylance
2025-11-21 02:32:33.673 [info] Getting Manifest... ms-python.vscode-python-envs
2025-11-21 02:32:33.725 [info] Getting Manifest... ms-python.debugpy
2025-11-21 02:32:33.781 [info] Installing extension: ms-python.vscode-pylance {"isMachineScoped":false,"installPreReleaseVersion":false,"pinned":false,"profileLocation":{"$mid":1,"external":"vscode-userdata:/home/dev/.vscode/extensions/extensions.json","path":"/home/dev/.vscode/extensions/extensions.json","scheme":"vscode-userdata"},"isApplicationScoped":false,"productVersion":{"version":"1.106.2","date":"2025-11-19T16:56:50.023Z"},"installGivenVersion":false,"context":{"dependecyOrPackExtensionInstall":true}}
2025-11-21 02:32:33.781 [info] Installing extension: ms-python.vscode-python-envs {"isMachineScoped":false,"installPreReleaseVersion":false,"pinned":false,"profileLocation":{"$mid":1,"external":"vscode-userdata:/home/dev/.vscode/extensions/extensions.json","path":"/home/dev/.vscode/extensions/extensions.json","scheme":"vscode-userdata"},"isApplicationScoped":false,"productVersion":{"version":"1.106.2","date":"2025-11-19T16:56:50.023Z"},"installGivenVersion":false,"context":{"dependecyOrPackExtensionInstall":true}}
2025-11-21 02:32:33.782 [info] Installing extension: ms-python.debugpy {"isMachineScoped":false,"installPreReleaseVersion":false,"pinned":false,"profileLocation":{"$mid":1,"external":"vscode-userdata:/home/dev/.vscode/extensions/extensions.json","path":"/home/dev/.vscode/extensions/extensions.json","scheme":"vscode-userdata"},"isApplicationScoped":false,"productVersion":{"version":"1.106.2","date":"2025-11-19T16:56:50.023Z"},"installGivenVersion":false,"context":{"dependecyOrPackExtensionInstall":true}}
2025-11-21 02:32:40.958 [info] Extension signature verification result for ms-python.debugpy: Success. Internal Code: 0. Executed: true. Duration: 2369ms.
2025-11-21 02:32:40.990 [info] Extension signature verification result for ms-python.vscode-python-envs: Success. Internal Code: 0. Executed: true. Duration: 2412ms.
2025-11-21 02:32:41.322 [info] Extracted extension to file:///home/dev/.vscode/extensions/ms-python.vscode-python-envs-1.12.0-linux-x64: ms-python.vscode-python-envs
2025-11-21 02:32:41.403 [info] Renamed to /home/dev/.vscode/extensions/ms-python.vscode-python-envs-1.12.0-linux-x64
2025-11-21 02:32:41.586 [info] Extracted extension to file:///home/dev/.vscode/extensions/ms-python.debugpy-2025.16.0: ms-python.debugpy
2025-11-21 02:32:41.683 [info] Renamed to /home/dev/.vscode/extensions/ms-python.debugpy-2025.16.0
2025-11-21 02:32:41.808 [info] Extension signature verification result for ms-python.python: Success. Internal Code: 0. Executed: true. Duration: 990ms.
2025-11-21 02:32:43.620 [info] Extracted extension to file:///home/dev/.vscode/extensions/ms-python.python-2025.18.0-linux-x64: ms-python.python
2025-11-21 02:32:43.773 [info] Renamed to /home/dev/.vscode/extensions/ms-python.python-2025.18.0-linux-x64
2025-11-21 02:32:45.023 [info] Extension signature verification result for ms-python.vscode-pylance: Success. Internal Code: 0. Executed: true. Duration: 971ms.
2025-11-21 02:32:49.811 [info] Extracted extension to file:///home/dev/.vscode/extensions/ms-python.vscode-pylance-2025.9.1: ms-python.vscode-pylance
2025-11-21 02:32:50.206 [info] Renamed to /home/dev/.vscode/extensions/ms-python.vscode-pylance-2025.9.1
2025-11-21 02:32:50.335 [info] Extension installed successfully: ms-python.vscode-python-envs vscode-userdata:/home/dev/.vscode/extensions/extensions.json
2025-11-21 02:32:50.336 [info] Extension installed successfully: ms-python.debugpy vscode-userdata:/home/dev/.vscode/extensions/extensions.json
2025-11-21 02:32:50.336 [info] Extension installed successfully: ms-python.python vscode-userdata:/home/dev/.vscode/extensions/extensions.json
2025-11-21 02:32:50.337 [info] Extension installed successfully: ms-python.vscode-pylance vscode-userdata:/home/dev/.vscode/extensions/extensions.json
2025-11-21 02:33:36.804 [info] Getting Manifest... pkief.material-icon-theme
2025-11-21 02:33:37.034 [info] Installing extension: pkief.material-icon-theme {"isMachineScoped":false,"installPreReleaseVersion":false,"pinned":false,"profileLocation":{"$mid":1,"external":"vscode-userdata:/home/dev/.vscode/extensions/extensions.json","path":"/home/dev/.vscode/extensions/extensions.json","scheme":"vscode-userdata"},"isApplicationScoped":false,"productVersion":{"version":"1.106.2","date":"2025-11-19T16:56:50.023Z"}}
2025-11-21 02:33:40.201 [info] Extension signature verification result for pkief.material-icon-theme: Success. Internal Code: 0. Executed: true. Duration: 2147ms.
2025-11-21 02:33:40.830 [info] Extracted extension to file:///home/dev/.vscode/extensions/pkief.material-icon-theme-5.29.0: pkief.material-icon-theme
2025-11-21 02:33:40.858 [info] Renamed to /home/dev/.vscode/extensions/pkief.material-icon-theme-5.29.0
2025-11-21 02:33:40.889 [info] Extension installed successfully: pkief.material-icon-theme vscode-userdata:/home/dev/.vscode/extensions/extensions.json
2025-11-21 02:35:28.399 [info] Getting Manifest... zhuangtongfa.material-theme
2025-11-21 02:35:28.723 [info] Installing extension: zhuangtongfa.material-theme {"isMachineScoped":false,"installPreReleaseVersion":false,"pinned":false,"profileLocation":{"$mid":1,"external":"vscode-userdata:/home/dev/.vscode/extensions/extensions.json","path":"/home/dev/.vscode/extensions/extensions.json","scheme":"vscode-userdata"},"isApplicationScoped":false,"productVersion":{"version":"1.106.2","date":"2025-11-19T16:56:50.023Z"}}
2025-11-21 02:35:30.271 [info] Extension signature verification result for zhuangtongfa.material-theme: Success. Internal Code: 0. Executed: true. Duration: 819ms.
2025-11-21 02:35:30.359 [info] Extracted extension to file:///home/dev/.vscode/extensions/zhuangtongfa.material-theme-3.19.0: zhuangtongfa.material-theme
2025-11-21 02:35:30.368 [info] Renamed to /home/dev/.vscode/extensions/zhuangtongfa.material-theme-3.19.0
2025-11-21 02:35:30.389 [info] Extension installed successfully: zhuangtongfa.material-theme vscode-userdata:/home/dev/.vscode/extensions/extensions.json
2025-11-21 02:40:02.705 [info] Getting Manifest... github.github-vscode-theme
2025-11-21 02:40:02.977 [info] Installing extension: github.github-vscode-theme {"isMachineScoped":false,"installPreReleaseVersion":false,"pinned":false,"profileLocation":{"$mid":1,"external":"vscode-userdata:/home/dev/.vscode/extensions/extensions.json","path":"/home/dev/.vscode/extensions/extensions.json","scheme":"vscode-userdata"},"isApplicationScoped":false,"productVersion":{"version":"1.106.2","date":"2025-11-19T16:56:50.023Z"}}
2025-11-21 02:40:05.244 [info] Extension signature verification result for github.github-vscode-theme: Success. Internal Code: 0. Executed: true. Duration: 814ms.
2025-11-21 02:40:05.285 [info] Extracted extension to file:///home/dev/.vscode/extensions/github.github-vscode-theme-6.3.5: github.github-vscode-theme
2025-11-21 02:40:05.293 [info] Renamed to /home/dev/.vscode/extensions/github.github-vscode-theme-6.3.5
2025-11-21 02:40:05.323 [info] Extension installed successfully: github.github-vscode-theme vscode-userdata:/home/dev/.vscode/extensions/extensions.json
2025-11-21 02:41:31.740 [info] Getting Manifest... bradlc.vscode-tailwindcss
2025-11-21 02:41:31.844 [info] Installing extension: bradlc.vscode-tailwindcss {"isMachineScoped":false,"installPreReleaseVersion":false,"pinned":false,"profileLocation":{"$mid":1,"external":"vscode-userdata:/home/dev/.vscode/extensions/extensions.json","path":"/home/dev/.vscode/extensions/extensions.json","scheme":"vscode-userdata"},"isApplicationScoped":false,"productVersion":{"version":"1.106.2","date":"2025-11-19T16:56:50.023Z"}}
2025-11-21 02:41:33.862 [info] Extension signature verification result for bradlc.vscode-tailwindcss: Success. Internal Code: 0. Executed: true. Duration: 859ms.
2025-11-21 02:41:33.969 [info] Extracted extension to file:///home/dev/.vscode/extensions/bradlc.vscode-tailwindcss-0.14.29: bradlc.vscode-tailwindcss
2025-11-21 02:41:33.974 [info] Renamed to /home/dev/.vscode/extensions/bradlc.vscode-tailwindcss-0.14.29
2025-11-21 02:41:33.997 [info] Extension installed successfully: bradlc.vscode-tailwindcss vscode-userdata:/home/dev/.vscode/extensions/extensions.json
