2025-11-21 02:45:53 Loading main app package /tmp/.mount_ObsidiMMTkBr/resources/obsidian.asar
2025-11-21 02:45:54 Checking for update using Github
2025-11-21 02:45:55 Success.
2025-11-21 02:45:55 Latest version is 1.10.3
2025-11-21 02:45:55 App is up to date.
2025-11-21 02:47:16 Loading main app package /usr/lib/obsidian/obsidian.asar
2025-11-21 02:47:16 Checking for update using Github
2025-11-21 02:47:16 Success.
2025-11-21 02:47:16 Latest version is 1.10.3
2025-11-21 02:47:16 App is up to date.
2025-11-21 02:55:03 Loading main app package /usr/lib/obsidian/obsidian.asar
2025-11-21 02:55:03 Checking for update using Github
2025-11-21 02:55:04 Success.
2025-11-21 02:55:04 Latest version is 1.10.3
2025-11-21 02:55:04 App is up to date.
2025-11-22 17:01:59 Loading main app package /usr/lib/obsidian/obsidian.asar
2025-11-22 17:01:59 Checking for update using Github
2025-11-22 17:01:59 Success.
2025-11-22 17:01:59 Latest version is 1.10.3
2025-11-22 17:01:59 App is up to date.
